Arguments: 
  /home/nmurgor/.nvm/versions/node/v21.0.0/bin/node /home/nmurgor/.nvm/versions/node/v21.0.0/bin/yarn init --y

PATH: 
  /home/nmurgor/.nvm/versions/node/v21.0.0/bin:/home/nmurgor/.cargo/bin:/home/nmurgor/.local/bin:/usr/local/sbin:/usr/local/bin:/usr/bin:/usr/bin/site_perl:/usr/bin/vendor_perl:/usr/bin/core_perl:/var/lib/snapd/snap/bin

Yarn version: 
  1.22.19

Node version: 
  21.0.0

Platform: 
  linux x64

Trace: 
  Error: canceled
      at Interface.<anonymous> (/home/nmurgor/.nvm/versions/node/v21.0.0/lib/node_modules/yarn/lib/cli.js:137150:13)
      at Interface.emit (node:events:515:28)
      at [_ttyWrite] [as _ttyWrite] (node:internal/readline/interface:1125:18)
      at ReadStream.onkeypress (node:internal/readline/interface:264:20)
      at ReadStream.emit (node:events:515:28)
      at emitKeys (node:internal/readline/utils:371:14)
      at emitKeys.next (<anonymous>)
      at ReadStream.onData (node:internal/readline/emitKeypressEvents:64:36)
      at ReadStream.emit (node:events:515:28)
      at addChunk (node:internal/streams/readable:377:12)

npm manifest: 
  No manifest

yarn manifest: 
  No manifest

Lockfile: 
  No lockfile
